Plan hash value: 2775623239
 
------------------------------------------------------------------------------------------------------
| Id  | Operation                           | Name           | Rows  | Bytes | Cost (%CPU)| Time     |
------------------------------------------------------------------------------------------------------
|   0 | SELECT STATEMENT                    |                |     1 |    69 |     2   (0)| 00:00:01 |
|   1 |  TABLE ACCESS BY INDEX ROWID BATCHED| EMPLOYEES      |     1 |    69 |     2   (0)| 00:00:01 |
|*  2 |   INDEX RANGE SCAN                  | EMP_CONTACT_IX |     1 |       |     1   (0)| 00:00:01 |
------------------------------------------------------------------------------------------------------
 
Predicate Information (identified by operation id):
---------------------------------------------------
 
   2 - access("EMPL"."PHONE_NUMBER"='515.123.4568')
