
PLAN_TABLE_OUTPUT                                                                                                                                                                                                                                                                                                                                                                                                                                                                                                                                                                                                                                                                                                 
------------------------------------------------------------------------------------------------------------------------------------------------------------------------------------------------------------------------------------------------------------------------------------------------------------------------------------------------------------------------------------------------------------------------------------------------------------------------------------------------------------------------------------------------------------------------------------------------------------------------------------------------------------------------------------------------------------------
Plan hash value: 4206046454
 
----------------------------------------------------------------------------------------------------
| Id  | Operation                       | Name             | Rows  | Bytes | Cost (%CPU)| Time     |
----------------------------------------------------------------------------------------------------
|   0 | SELECT STATEMENT                |                  |    64 |  2688 |     9  (23)| 00:00:01 |
|   1 |  SORT ORDER BY                  |                  |    64 |  2688 |     9  (23)| 00:00:01 |
|*  2 |   HASH JOIN                     |                  |    64 |  2688 |     8  (13)| 00:00:01 |
|   3 |    NESTED LOOPS                 |                  |    11 |   297 |     5  (20)| 00:00:01 |
|   4 |     MERGE JOIN                  |                  |    11 |   132 |     5  (20)| 00:00:01 |
|*  5 |      TABLE ACCESS BY INDEX ROWID| DEPARTMENTS      |    11 |    66 |     2   (0)| 00:00:01 |

PLAN_TABLE_OUTPUT                                                                                                                                                                                                                                                                                                                                                                                                                                                                                                                                                                                                                                                                                                 
------------------------------------------------------------------------------------------------------------------------------------------------------------------------------------------------------------------------------------------------------------------------------------------------------------------------------------------------------------------------------------------------------------------------------------------------------------------------------------------------------------------------------------------------------------------------------------------------------------------------------------------------------------------------------------------------------------------
|   6 |       INDEX FULL SCAN           | DEPT_LOCATION_IX |    27 |       |     1   (0)| 00:00:01 |
|*  7 |      SORT JOIN                  |                  |    23 |   138 |     3  (34)| 00:00:01 |
|   8 |       VIEW                      | index$_join$_004 |    23 |   138 |     2   (0)| 00:00:01 |
|*  9 |        HASH JOIN                |                  |       |       |            |          |
|  10 |         INDEX FAST FULL SCAN    | LOC_COUNTRY_IX   |    23 |   138 |     1   (0)| 00:00:01 |
|  11 |         INDEX FAST FULL SCAN    | LOC_ID_PK        |    23 |   138 |     1   (0)| 00:00:01 |
|* 12 |     INDEX UNIQUE SCAN           | COUNTRY_C_ID_PK  |     1 |    15 |     0   (0)| 00:00:01 |
|  13 |    TABLE ACCESS FULL            | EMPLOYEES        |   107 |  1605 |     3   (0)| 00:00:01 |
----------------------------------------------------------------------------------------------------
 
Predicate Information (identified by operation id):

PLAN_TABLE_OUTPUT                                                                                                                                                                                                                                                                                                                                                                                                                                                                                                                                                                                                                                                                                                 
------------------------------------------------------------------------------------------------------------------------------------------------------------------------------------------------------------------------------------------------------------------------------------------------------------------------------------------------------------------------------------------------------------------------------------------------------------------------------------------------------------------------------------------------------------------------------------------------------------------------------------------------------------------------------------------------------------------
---------------------------------------------------
 
   2 - access("MANAGER_ID"="DEPARTMENTS"."MANAGER_ID")
   5 - filter("DEPARTMENTS"."MANAGER_ID" IS NOT NULL)
   7 - access("DEPARTMENTS"."LOCATION_ID"="LOCATIONS"."LOCATION_ID")
       filter("DEPARTMENTS"."LOCATION_ID"="LOCATIONS"."LOCATION_ID")
   9 - access(ROWID=ROWID)
  12 - access("LOCATIONS"."COUNTRY_ID"="COUNTRIES"."COUNTRY_ID")
       filter((("COUNTRIES"."REGION_ID"=1 OR "COUNTRIES"."REGION_ID"=2 OR 
              "COUNTRIES"."REGION_ID"=3 OR "COUNTRIES"."REGION_ID"=4) OR 
              "COUNTRIES"."COUNTRY_NAME"='Argentina' OR ("COUNTRIES"."COUNTRY_ID"='AR' OR 

PLAN_TABLE_OUTPUT                                                                                                                                                                                                                                                                                                                                                                                                                                                                                                                                                                                                                                                                                                 
------------------------------------------------------------------------------------------------------------------------------------------------------------------------------------------------------------------------------------------------------------------------------------------------------------------------------------------------------------------------------------------------------------------------------------------------------------------------------------------------------------------------------------------------------------------------------------------------------------------------------------------------------------------------------------------------------------------
              "COUNTRIES"."COUNTRY_ID"='CH' OR "COUNTRIES"."COUNTRY_ID"='DE' OR 
              "COUNTRIES"."COUNTRY_ID"='FR')) AND "COUNTRIES"."REGION_ID" IS NOT NULL)
 
Note
-----
   - this is an adaptive plan

39 filas seleccionadas. 

