Explicado.


PLAN_TABLE_OUTPUT                                                                                                                                                                                                                                                                                                                                                                                                                                                                                                                                                                                                               
--------------------------------------------------------------------------------------------------------------------------------------------------------------------------------------------------------------------------------------------------------------------------------------------------------------------------------------------------------------------------------------------------------------------------------------------------------------------------------------------------------------------------------------------------------------------------------------------------------------------------------
Plan hash value: 851451506
 
----------------------------------------------------------------------------------------------------------
| Id  | Operation                            | Name              | Rows  | Bytes | Cost (%CPU)| Time     |
----------------------------------------------------------------------------------------------------------
|   0 | SELECT STATEMENT                     |                   |   164 |  6888 |    10  (20)| 00:00:01 |
|   1 |  SORT GROUP BY NOSORT                |                   |   164 |  6888 |    10  (20)| 00:00:01 |
|   2 |   VIEW                               | VM_NWVW_2         |   164 |  6888 |    10  (20)| 00:00:01 |
|*  3 |    FILTER                            |                   |       |       |            |          |
|   4 |     SORT GROUP BY                    |                   |   164 | 15252 |    10  (20)| 00:00:01 |
|   5 |      NESTED LOOPS                    |                   |  3267 |   296K|     9  (12)| 00:00:01 |

PLAN_TABLE_OUTPUT                                                                                                                                                                                                                                                                                                                                                                                                                                                                                                                                                                                                               
--------------------------------------------------------------------------------------------------------------------------------------------------------------------------------------------------------------------------------------------------------------------------------------------------------------------------------------------------------------------------------------------------------------------------------------------------------------------------------------------------------------------------------------------------------------------------------------------------------------------------------
|   6 |       NESTED LOOPS                   |                   |   106 |  9540 |     9  (12)| 00:00:01 |
|*  7 |        HASH JOIN                     |                   |    27 |  2025 |     9  (12)| 00:00:01 |
|   8 |         NESTED LOOPS                 |                   |    27 |  1647 |     6  (17)| 00:00:01 |
|   9 |          MERGE JOIN                  |                   |    27 |  1242 |     6  (17)| 00:00:01 |
|  10 |           TABLE ACCESS BY INDEX ROWID| LOCATIONS         |    23 |   621 |     2   (0)| 00:00:01 |
|  11 |            INDEX FULL SCAN           | LOC_ID_PK         |    23 |       |     1   (0)| 00:00:01 |
|* 12 |           SORT JOIN                  |                   |    27 |   513 |     4  (25)| 00:00:01 |
|  13 |            TABLE ACCESS FULL         | DEPARTMENTS       |    27 |   513 |     3   (0)| 00:00:01 |
|* 14 |          INDEX UNIQUE SCAN           | COUNTRY_C_ID_PK   |     1 |    15 |     0   (0)| 00:00:01 |
|  15 |         TABLE ACCESS FULL            | REGIONS           |     4 |    56 |     3   (0)| 00:00:01 |
|* 16 |        INDEX RANGE SCAN              | EMP_DEPARTMENT_IX |     4 |    60 |     0   (0)| 00:00:01 |

PLAN_TABLE_OUTPUT                                                                                                                                                                                                                                                                                                                                                                                                                                                                                                                                                                                                               
--------------------------------------------------------------------------------------------------------------------------------------------------------------------------------------------------------------------------------------------------------------------------------------------------------------------------------------------------------------------------------------------------------------------------------------------------------------------------------------------------------------------------------------------------------------------------------------------------------------------------------
|* 17 |       INDEX RANGE SCAN               | EMP_DEPARTMENT_IX |    31 |    93 |     0   (0)| 00:00:01 |
----------------------------------------------------------------------------------------------------------
 
Predicate Information (identified by operation id):
---------------------------------------------------
 
   3 - filter(COUNT("DEPARTMENT_ID")>=0)
   7 - access("COUNTRIES"."REGION_ID"="REGIONS"."REGION_ID")
  12 - access("LOCATIONS"."LOCATION_ID"="DEPARTMENTS"."LOCATION_ID")
       filter("LOCATIONS"."LOCATION_ID"="DEPARTMENTS"."LOCATION_ID")
  14 - access("COUNTRIES"."COUNTRY_ID"="LOCATIONS"."COUNTRY_ID")

PLAN_TABLE_OUTPUT                                                                                                                                                                                                                                                                                                                                                                                                                                                                                                                                                                                                               
--------------------------------------------------------------------------------------------------------------------------------------------------------------------------------------------------------------------------------------------------------------------------------------------------------------------------------------------------------------------------------------------------------------------------------------------------------------------------------------------------------------------------------------------------------------------------------------------------------------------------------
  16 - access("DEPARTMENTS"."DEPARTMENT_ID"="EMPLOYEES"."DEPARTMENT_ID")
  17 - access("EMPLOYEES"."DEPARTMENT_ID"="DEPARTMENT_ID")

35 filas seleccionadas.  